Using pre-set license
Built from '2020.3/release' branch; Version is '2020.3.7f1 (dd97f2c94397) revision 14522354'; Using compiler version '192528614'; Build Type 'Release'
OS: 'Windows 10 Pro; OS build 19043.1237; Version 2009; 64bit' Language: 'es' Physical Memory: 16322 MB
BatchMode: 1, IsHumanControllingUs: 0, StartBugReporterOnCrash: 0, Is64bit: 1, IsPro: 0

 COMMAND LINE ARGUMENTS:
C:\Program Files\Unity\Hub\Editor\2020.3.7f1\Editor\Unity.exe
-adb2
-batchMode
-noUpm
-name
AssetImportWorker0
-projectPath
C:/Users/user/Documents/Pet単atas
-logFile
Logs/AssetImportWorker0.log
-srvPort
59640
Successfully changed project path to: C:/Users/user/Documents/Pet単atas
C:/Users/user/Documents/Pet単atas
Using Asset Import Pipeline V2.
Refreshing native plugins compatible for Editor in 21.14 ms, found 0 plugins.
Preloading 0 native plugins for Editor in 0.00 ms.
Initialize engine version: 2020.3.7f1 (dd97f2c94397)
[Subsystems] Discovering subsystems at path C:/Program Files/Unity/Hub/Editor/2020.3.7f1/Editor/Data/Resources/UnitySubsystems
[Subsystems] Discovering subsystems at path C:/Users/user/Documents/Pet単atas/Assets
GfxDevice: creating device client; threaded=0
Direct3D:
    Version:  Direct3D 11.0 [level 11.1]
    Renderer: NVIDIA GeForce GTX 1660 SUPER (ID=0x21c4)
    Vendor:   
    VRAM:     5991 MB
    Driver:   27.21.14.6192
Initialize mono
Mono path[0] = 'C:/Program Files/Unity/Hub/Editor/2020.3.7f1/Editor/Data/Managed'
Mono path[1] = 'C:/Program Files/Unity/Hub/Editor/2020.3.7f1/Editor/Data/MonoBleedingEdge/lib/mono/unityjit'
Mono config path = 'C:/Program Files/Unity/Hub/Editor/2020.3.7f1/Editor/Data/MonoBleedingEdge/etc'
Using monoOptions --debugger-agent=transport=dt_socket,embedding=1,server=y,suspend=n,address=127.0.0.1:56228
Begin MonoManager ReloadAssembly
Registering precompiled unity dll's ...
Register platform support module: C:/Program Files/Unity/Hub/Editor/2020.3.7f1/Editor/Data/PlaybackEngines/WindowsStandaloneSupport/UnityEditor.WindowsStandalone.Extensions.dll
Registered in 0.001674 seconds.
Native extension for WindowsStandalone target not found
Refreshing native plugins compatible for Editor in 21.91 ms, found 0 plugins.
Preloading 0 native plugins for Editor in 0.00 ms.
Mono: successfully reloaded assembly
- Completed reload, in  0.920 seconds
Platform modules already initialized, skipping
Registering precompiled user dll's ...
Registered in 0.000530 seconds.
Begin MonoManager ReloadAssembly
Native extension for WindowsStandalone target not found
Refreshing native plugins compatible for Editor in 0.22 ms, found 0 plugins.
Preloading 0 native plugins for Editor in 0.00 ms.
Mono: successfully reloaded assembly
- Completed reload, in  0.779 seconds
Platform modules already initialized, skipping
========================================================================
Worker process is ready to serve import requests
Launched and connected shader compiler UnityShaderCompiler.exe after 0.03 seconds
Refreshing native plugins compatible for Editor in 0.19 ms, found 0 plugins.
Preloading 0 native plugins for Editor in 0.00 ms.
Unloading 1193 Unused Serialized files (Serialized files now loaded: 0)
System memory in use before: 59.6 MB.
System memory in use after: 59.7 MB.

Unloading 14 unused Assets to reduce memory usage. Loaded Objects now: 1640.
Total: 1.788500 ms (FindLiveObjects: 0.295400 ms CreateObjectMapping: 0.037800 ms MarkObjects: 1.393300 ms  DeleteObjects: 0.061300 ms)

========================================================================
Received Import Request.
  path: Assets/Music
  artifactKey: Guid(e0bb6d2dfe5fee5499fa32c5d45ef75c) Importer(815301076,1909f56bfc062723c751e8b465ee728b)
Start importing Assets/Music using Guid(e0bb6d2dfe5fee5499fa32c5d45ef75c) Importer(815301076,1909f56bfc062723c751e8b465ee728b)  -> (artifact id: '2fe6dbe1dc7be9fb231b34cf3591b8e2') in 0.008443 seconds
  Import took 0.010257 seconds .

========================================================================
Received Import Request.
  Time since last request: 11.359330 seconds.
  path: Assets/Music/music.mpeg
  artifactKey: Guid(bc5714e22da9d3f4b858430c10cd0354) Importer(815301076,1909f56bfc062723c751e8b465ee728b)
Start importing Assets/Music/music.mpeg using Guid(bc5714e22da9d3f4b858430c10cd0354) Importer(815301076,1909f56bfc062723c751e8b465ee728b)  -> (artifact id: 'd8a780bedf659de4562a7ddcaba5413a') in 0.023628 seconds
  Import took 0.025424 seconds .

========================================================================
Received Import Request.
  Time since last request: 0.008802 seconds.
  path: Assets/Music/music.mpeg
  artifactKey: Guid(bc5714e22da9d3f4b858430c10cd0354) Importer(815301076,1909f56bfc062723c751e8b465ee728b)
Start importing Assets/Music/music.mpeg using Guid(bc5714e22da9d3f4b858430c10cd0354) Importer(815301076,1909f56bfc062723c751e8b465ee728b)  -> (artifact id: 'd8a780bedf659de4562a7ddcaba5413a') in 0.002215 seconds
  Import took 0.003958 seconds .

AssetImportWorkerClient::OnTransportError - code=2 error=End of file
